#
#Copyright (C) 1994-2021 Synopsys, Inc.
#This Synopsys software and all associated documentation are proprietary to Synopsys, Inc.
#and may only be used pursuant to the terms and conditions of a written license agreement
#with Synopsys, Inc. All other use, reproduction, modification, or distribution of the
#Synopsys software or the associated documentation is strictly prohibited.
#Tool: HAPS (R) ProtoCompiler 100
#Build: R-2020.12-SP1-1
#Install: /usr/cadtool/csr5306/synopsys/protocomp/R-2020.12-SP1-1
#OS: CentOS release 6.10 (Final)
#Hostname: ws25

#Database state : /home/course/csr530605/HAPS/lab/finalProject/RCPU/|sr0
#Synopsys ProtoCompiler Partitioner/Router, Version map202012pcp4, Build 193R, Built Apr  8 2022 21:27:09, @4216327



@S1 AP337 |Connection Model
connection_model DIRECT -modules { \
}
connection_model HSTDM_ERD -modules { \
   HSTDM_ERD_7 7
   HSTDM_ERD_15 15
   HSTDM_ERD_22 22
   HSTDM_ERD_30 30
   HSTDM_ERD_37 37
   HSTDM_ERD_45 45
   HSTDM_ERD_52 52
   HSTDM_ERD_60 60
   HSTDM_ERD_67 67
   HSTDM_ERD_75 75
   HSTDM_ERD_82 82
   HSTDM_ERD_90 90
   HSTDM_ERD_97 97
   HSTDM_ERD_105 105
   HSTDM_ERD_112 112
   HSTDM_ERD_120 120
   HSTDM_ERD_150 150
   HSTDM_ERD_180 180
   HSTDM_ERD_210 210
   HSTDM_ERD_240 240
}
connection_model ACPM -modules { \
   ACPM_2 2
   ACPM_3 3
   ACPM_4 4
   ACPM_5 5
   ACPM_6 6
   ACPM_7 7
   ACPM_8 8
   ACPM_9 9
   ACPM_10 10
   ACPM_11 11
   ACPM_12 12
   ACPM_13 13
   ACPM_14 14
   ACPM_15 15
   ACPM_16 16
   ACPM_17 17
   ACPM_18 18
   ACPM_19 19
   ACPM_20 20
   ACPM_24 24
   ACPM_28 28
   ACPM_32 32
}
connection_model HSTDM -modules { \
   HSTDM_8 8
   HSTDM_16 16
   HSTDM_24 24
   HSTDM_32 32
   HSTDM_40 40
   HSTDM_48 48
   HSTDM_56 56
   HSTDM_64 64
   HSTDM_72 72
   HSTDM_80 80
   HSTDM_88 88
   HSTDM_96 96
   HSTDM_104 104
   HSTDM_112 112
   HSTDM_120 120
   HSTDM_128 128
   HSTDM_160 160
   HSTDM_192 192
   HSTDM_224 224
   HSTDM_256 256
}
connection_model HSTDMSE -modules { \
   HSTDM_8 8
   HSTDM_16 16
   HSTDM_24 24
   HSTDM_32 32
   HSTDM_40 40
   HSTDM_48 48
   HSTDM_56 56
   HSTDM_64 64
   HSTDM_72 72
   HSTDM_80 80
   HSTDM_88 88
   HSTDM_96 96
   HSTDM_104 104
   HSTDM_112 112
   HSTDM_120 120
   HSTDM_128 128
   HSTDM_160 160
   HSTDM_192 192
   HSTDM_224 224
   HSTDM_256 256
}
connection_model HSTDMSE_ERD -modules { \
   HSTDM_ERD_7 7
   HSTDM_ERD_15 15
   HSTDM_ERD_22 22
   HSTDM_ERD_30 30
   HSTDM_ERD_37 37
   HSTDM_ERD_45 45
   HSTDM_ERD_52 52
   HSTDM_ERD_60 60
   HSTDM_ERD_67 67
   HSTDM_ERD_75 75
   HSTDM_ERD_82 82
   HSTDM_ERD_90 90
   HSTDM_ERD_97 97
   HSTDM_ERD_105 105
   HSTDM_ERD_112 112
   HSTDM_ERD_120 120
   HSTDM_ERD_150 150
   HSTDM_ERD_180 180
   HSTDM_ERD_210 210
   HSTDM_ERD_240 240
}
connection_model MGTDM_Y -modules { \
   HSTDM_MGT_64 64
   HSTDM_MGT_128 128
   HSTDM_MGT_256 256
   HSTDM_MGT_512 512
   HSTDM_MGT_1024 1024
}
connection_model MGTDM -modules { \
   HSTDM_ERD_MGT_256 256
   HSTDM_ERD_MGT_512 512
   HSTDM_ERD_MGT_1024 1024
}

@S2 AP248 |Feedthrough Insertion and Net Splitting

modify_net -disconnect reset_n -connect reset_n -to FPGA FB1.uB -routing_tree_level 2
reset_synchronize -net {reset_n} -sync_ff {aptn_reset_sync_reset_n_0} -pipeline_stages 5 -extra_pipeline_stages 2 -init 0 -bins {FB1.uA:5 FB1.uB:4} -no_of_regs {FB1.uA:6 FB1.uB:4 }

@S3 AP345 |Net and Global Routing Information
@N: AP305 |This section contains information only for nets that are external to FPGAs

@S3.1 AP346 |Routed Nets

net_attribute -tdm_qualified 0 AddrIn[30]
global_route AddrIn[30] -slack_pre_tdm 998 -slack_post_tdm 988 \
   -from TOP_IO_HT3_FB1_B6 -to {FB1.uB} -using TOP_IO_HT3_FB1_B6 -tdm DIRECT

net_attribute -tdm_qualified 0 AddrIn[29]
global_route AddrIn[29] -slack_pre_tdm 998 -slack_post_tdm 988 \
   -from TOP_IO_HT3_FB1_B6 -to {FB1.uB} -using TOP_IO_HT3_FB1_B6 -tdm DIRECT

net_attribute -tdm_qualified 0 AddrIn[28]
global_route AddrIn[28] -slack_pre_tdm 997 -slack_post_tdm 987 \
   -from TOP_IO_HT3_FB1_B6 -to {FB1.uB} -using TOP_IO_HT3_FB1_B6 -tdm DIRECT

net_attribute -tdm_qualified 0 AddrIn[26]
global_route AddrIn[26] -slack_pre_tdm 997 -slack_post_tdm 987 \
   -from TOP_IO_HT3_FB1_B6 -to {FB1.uB} -using TOP_IO_HT3_FB1_B6 -tdm DIRECT

net_attribute -tdm_qualified 0 AddrIn[27]
global_route AddrIn[27] -slack_pre_tdm 997 -slack_post_tdm 987 \
   -from TOP_IO_HT3_FB1_B6 -to {FB1.uB} -using TOP_IO_HT3_FB1_B6 -tdm DIRECT

net_attribute -tdm_qualified 0 AddrIn[23]
global_route AddrIn[23] -slack_pre_tdm 997 -slack_post_tdm 987 \
   -from TOP_IO_HT3_FB1_B6 -to {FB1.uB} -using TOP_IO_HT3_FB1_B6 -tdm DIRECT

net_attribute -tdm_qualified 0 AddrIn[19]
global_route AddrIn[19] -slack_pre_tdm 997 -slack_post_tdm 987 \
   -from TOP_IO_HT3_FB1_B6 -to {FB1.uB} -using TOP_IO_HT3_FB1_B6 -tdm DIRECT

net_attribute -tdm_qualified 0 AddrIn[17]
global_route AddrIn[17] -slack_pre_tdm 997 -slack_post_tdm 987 \
   -from TOP_IO_HT3_FB1_B6 -to {FB1.uB} -using TOP_IO_HT3_FB1_B6 -tdm DIRECT

net_attribute -tdm_qualified 0 AddrIn[15]
global_route AddrIn[15] -slack_pre_tdm 997 -slack_post_tdm 987 \
   -from TOP_IO_HT3_FB1_B6 -to {FB1.uB} -using TOP_IO_HT3_FB1_B6 -tdm DIRECT

net_attribute -tdm_qualified 0 AddrIn[14]
global_route AddrIn[14] -slack_pre_tdm 997 -slack_post_tdm 987 \
   -from TOP_IO_HT3_FB1_B6 -to {FB1.uB} -using TOP_IO_HT3_FB1_B6 -tdm DIRECT

net_attribute -tdm_qualified 0 AddrIn[13]
global_route AddrIn[13] -slack_pre_tdm 997 -slack_post_tdm 987 \
   -from TOP_IO_HT3_FB1_B6 -to {FB1.uB} -using TOP_IO_HT3_FB1_B6 -tdm DIRECT

net_attribute -tdm_qualified 0 AddrIn[10]
global_route AddrIn[10] -slack_pre_tdm 997 -slack_post_tdm 987 \
   -from TOP_IO_HT3_FB1_B6 -to {FB1.uB} -using TOP_IO_HT3_FB1_B6 -tdm DIRECT

net_attribute -tdm_qualified 0 AddrIn[21]
global_route AddrIn[21] -slack_pre_tdm 997 -slack_post_tdm 987 \
   -from TOP_IO_HT3_FB1_B6 -to {FB1.uB} -using TOP_IO_HT3_FB1_B6 -tdm DIRECT

net_attribute -tdm_qualified 0 AddrIn[9]
global_route AddrIn[9] -slack_pre_tdm 997 -slack_post_tdm 987 \
   -from TOP_IO_HT3_FB1_B6 -to {FB1.uB} -using TOP_IO_HT3_FB1_B6 -tdm DIRECT

net_attribute -tdm_qualified 0 AddrIn[8]
global_route AddrIn[8] -slack_pre_tdm 997 -slack_post_tdm 987 \
   -from TOP_IO_HT3_FB1_B6 -to {FB1.uB} -using TOP_IO_HT3_FB1_B6 -tdm DIRECT

net_attribute -tdm_qualified 0 AddrIn[6]
global_route AddrIn[6] -slack_pre_tdm 997 -slack_post_tdm 987 \
   -from TOP_IO_HT3_FB1_B6 -to {FB1.uB} -using TOP_IO_HT3_FB1_B6 -tdm DIRECT

net_attribute -tdm_qualified 0 AddrIn[4]
global_route AddrIn[4] -slack_pre_tdm 997 -slack_post_tdm 987 \
   -from TOP_IO_HT3_FB1_B6 -to {FB1.uB} -using TOP_IO_HT3_FB1_B6 -tdm DIRECT

net_attribute -tdm_qualified 0 AddrIn[2]
global_route AddrIn[2] -slack_pre_tdm 997 -slack_post_tdm 987 \
   -from TOP_IO_HT3_FB1_B6 -to {FB1.uB} -using TOP_IO_HT3_FB1_B6 -tdm DIRECT

net_attribute -tdm_qualified 0 AddrIn[1]
global_route AddrIn[1] -slack_pre_tdm 998 -slack_post_tdm 988 \
   -from TOP_IO_HT3_FB1_B6 -to {FB1.uB} -using TOP_IO_HT3_FB1_B6 -tdm DIRECT

net_attribute -tdm_qualified 0 AddrIn[0]
global_route AddrIn[0] -slack_pre_tdm 998 -slack_post_tdm 988 \
   -from TOP_IO_HT3_FB1_B6 -to {FB1.uB} -using TOP_IO_HT3_FB1_B6 -tdm DIRECT

net_attribute -tdm_qualified 0 AddrOut[31]
global_route AddrOut[31] -slack_pre_tdm 997 -slack_post_tdm 987 \
   -from FB1.uB -to {TOP_IO_HT3_FB1_B5} -using TOP_IO_HT3_FB1_B5 -tdm DIRECT

net_attribute -tdm_qualified 0 AddrOut[30]
global_route AddrOut[30] -slack_pre_tdm 997 -slack_post_tdm 987 \
   -from FB1.uB -to {TOP_IO_HT3_FB1_B5} -using TOP_IO_HT3_FB1_B5 -tdm DIRECT

net_attribute -tdm_qualified 0 AddrIn[12]
global_route AddrIn[12] -slack_pre_tdm 997 -slack_post_tdm 987 \
   -from TOP_IO_HT3_FB1_B6 -to {FB1.uB} -using TOP_IO_HT3_FB1_B6 -tdm DIRECT

net_attribute -tdm_qualified 0 AddrIn[16]
global_route AddrIn[16] -slack_pre_tdm 997 -slack_post_tdm 987 \
   -from TOP_IO_HT3_FB1_B6 -to {FB1.uB} -using TOP_IO_HT3_FB1_B6 -tdm DIRECT

net_attribute -tdm_qualified 0 AddrOut[23]
global_route AddrOut[23] -slack_pre_tdm 997 -slack_post_tdm 987 \
   -from FB1.uB -to {TOP_IO_HT3_FB1_B5} -using TOP_IO_HT3_FB1_B5 -tdm DIRECT

net_attribute -tdm_qualified 0 AddrOut[22]
global_route AddrOut[22] -slack_pre_tdm 997 -slack_post_tdm 987 \
   -from FB1.uB -to {TOP_IO_HT3_FB1_B5} -using TOP_IO_HT3_FB1_B5 -tdm DIRECT

net_attribute -tdm_qualified 0 AddrOut[17]
global_route AddrOut[17] -slack_pre_tdm 997 -slack_post_tdm 987 \
   -from FB1.uB -to {TOP_IO_HT3_FB1_B5} -using TOP_IO_HT3_FB1_B5 -tdm DIRECT

net_attribute -tdm_qualified 0 AddrOut[24]
global_route AddrOut[24] -slack_pre_tdm 997 -slack_post_tdm 987 \
   -from FB1.uB -to {TOP_IO_HT3_FB1_B5} -using TOP_IO_HT3_FB1_B5 -tdm DIRECT

net_attribute -tdm_qualified 0 AddrIn[24]
global_route AddrIn[24] -slack_pre_tdm 997 -slack_post_tdm 987 \
   -from TOP_IO_HT3_FB1_B6 -to {FB1.uB} -using TOP_IO_HT3_FB1_B6 -tdm DIRECT

net_attribute -tdm_qualified 0 AddrOut[16]
global_route AddrOut[16] -slack_pre_tdm 997 -slack_post_tdm 987 \
   -from FB1.uB -to {TOP_IO_HT3_FB1_B5} -using TOP_IO_HT3_FB1_B5 -tdm DIRECT

net_attribute -tdm_qualified 0 AddrIn[5]
global_route AddrIn[5] -slack_pre_tdm 997 -slack_post_tdm 987 \
   -from TOP_IO_HT3_FB1_B6 -to {FB1.uB} -using TOP_IO_HT3_FB1_B6 -tdm DIRECT

net_attribute -tdm_qualified 0 AddrOut[21]
global_route AddrOut[21] -slack_pre_tdm 997 -slack_post_tdm 987 \
   -from FB1.uB -to {TOP_IO_HT3_FB1_B5} -using TOP_IO_HT3_FB1_B5 -tdm DIRECT

net_attribute -tdm_qualified 0 AddrIn[31]
global_route AddrIn[31] -slack_pre_tdm 998 -slack_post_tdm 988 \
   -from TOP_IO_HT3_FB1_B6 -to {FB1.uB} -using TOP_IO_HT3_FB1_B6 -tdm DIRECT

net_attribute -tdm_qualified 0 AddrOut[15]
global_route AddrOut[15] -slack_pre_tdm 997 -slack_post_tdm 987 \
   -from FB1.uB -to {TOP_IO_HT3_FB1_B5} -using TOP_IO_HT3_FB1_B5 -tdm DIRECT

net_attribute -tdm_qualified 0 AddrOut[18]
global_route AddrOut[18] -slack_pre_tdm 997 -slack_post_tdm 987 \
   -from FB1.uB -to {TOP_IO_HT3_FB1_B5} -using TOP_IO_HT3_FB1_B5 -tdm DIRECT

net_attribute -tdm_qualified 0 AddrOut[13]
global_route AddrOut[13] -slack_pre_tdm 997 -slack_post_tdm 987 \
   -from FB1.uB -to {TOP_IO_HT3_FB1_B5} -using TOP_IO_HT3_FB1_B5 -tdm DIRECT

net_attribute -tdm_qualified 0 AddrOut[14]
global_route AddrOut[14] -slack_pre_tdm 997 -slack_post_tdm 987 \
   -from FB1.uB -to {TOP_IO_HT3_FB1_B5} -using TOP_IO_HT3_FB1_B5 -tdm DIRECT

net_attribute -tdm_qualified 0 AddrIn[20]
global_route AddrIn[20] -slack_pre_tdm 997 -slack_post_tdm 987 \
   -from TOP_IO_HT3_FB1_B6 -to {FB1.uB} -using TOP_IO_HT3_FB1_B6 -tdm DIRECT

net_attribute -tdm_qualified 0 AddrOut[12]
global_route AddrOut[12] -slack_pre_tdm 997 -slack_post_tdm 987 \
   -from FB1.uB -to {TOP_IO_HT3_FB1_B5} -using TOP_IO_HT3_FB1_B5 -tdm DIRECT

net_attribute -tdm_qualified 0 AddrOut[10]
global_route AddrOut[10] -slack_pre_tdm 997 -slack_post_tdm 987 \
   -from FB1.uB -to {TOP_IO_HT3_FB1_B5} -using TOP_IO_HT3_FB1_B5 -tdm DIRECT

net_attribute -tdm_qualified 0 AddrOut[27]
global_route AddrOut[27] -slack_pre_tdm 997 -slack_post_tdm 987 \
   -from FB1.uB -to {TOP_IO_HT3_FB1_B5} -using TOP_IO_HT3_FB1_B5 -tdm DIRECT

net_attribute -tdm_qualified 0 AddrIn[18]
global_route AddrIn[18] -slack_pre_tdm 997 -slack_post_tdm 987 \
   -from TOP_IO_HT3_FB1_B6 -to {FB1.uB} -using TOP_IO_HT3_FB1_B6 -tdm DIRECT

net_attribute -tdm_qualified 0 AddrOut[8]
global_route AddrOut[8] -slack_pre_tdm 997 -slack_post_tdm 987 \
   -from FB1.uB -to {TOP_IO_HT3_FB1_B5} -using TOP_IO_HT3_FB1_B5 -tdm DIRECT

net_attribute -tdm_qualified 0 AddrOut[6]
global_route AddrOut[6] -slack_pre_tdm 997 -slack_post_tdm 987 \
   -from FB1.uB -to {TOP_IO_HT3_FB1_B5} -using TOP_IO_HT3_FB1_B5 -tdm DIRECT

net_attribute -tdm_qualified 0 AddrOut[26]
global_route AddrOut[26] -slack_pre_tdm 997 -slack_post_tdm 987 \
   -from FB1.uB -to {TOP_IO_HT3_FB1_B5} -using TOP_IO_HT3_FB1_B5 -tdm DIRECT

net_attribute -tdm_qualified 0 AddrOut[5]
global_route AddrOut[5] -slack_pre_tdm 997 -slack_post_tdm 987 \
   -from FB1.uB -to {TOP_IO_HT3_FB1_B5} -using TOP_IO_HT3_FB1_B5 -tdm DIRECT

net_attribute -tdm_qualified 0 AddrOut[11]
global_route AddrOut[11] -slack_pre_tdm 997 -slack_post_tdm 987 \
   -from FB1.uB -to {TOP_IO_HT3_FB1_B5} -using TOP_IO_HT3_FB1_B5 -tdm DIRECT

net_attribute -tdm_qualified 0 AddrIn[3]
global_route AddrIn[3] -slack_pre_tdm 997 -slack_post_tdm 987 \
   -from TOP_IO_HT3_FB1_B6 -to {FB1.uB} -using TOP_IO_HT3_FB1_B6 -tdm DIRECT

net_attribute -tdm_qualified 0 AddrOut[3]
global_route AddrOut[3] -slack_pre_tdm 997 -slack_post_tdm 987 \
   -from FB1.uB -to {TOP_IO_HT3_FB1_B5} -using TOP_IO_HT3_FB1_B5 -tdm DIRECT

net_attribute -tdm_qualified 0 AddrIn[22]
global_route AddrIn[22] -slack_pre_tdm 997 -slack_post_tdm 987 \
   -from TOP_IO_HT3_FB1_B6 -to {FB1.uB} -using TOP_IO_HT3_FB1_B6 -tdm DIRECT

net_attribute -tdm_qualified 0 AddrOut[25]
global_route AddrOut[25] -slack_pre_tdm 997 -slack_post_tdm 987 \
   -from FB1.uB -to {TOP_IO_HT3_FB1_B5} -using TOP_IO_HT3_FB1_B5 -tdm DIRECT

net_attribute -tdm_qualified 0 AddrOut[2]
global_route AddrOut[2] -slack_pre_tdm 998 -slack_post_tdm 988 \
   -from FB1.uB -to {TOP_IO_HT3_FB1_B5} -using TOP_IO_HT3_FB1_B5 -tdm DIRECT

net_attribute -tdm_qualified 0 AddrOut[7]
global_route AddrOut[7] -slack_pre_tdm 997 -slack_post_tdm 987 \
   -from FB1.uB -to {TOP_IO_HT3_FB1_B5} -using TOP_IO_HT3_FB1_B5 -tdm DIRECT

net_attribute -tdm_qualified 0 AddrIn[11]
global_route AddrIn[11] -slack_pre_tdm 997 -slack_post_tdm 987 \
   -from TOP_IO_HT3_FB1_B6 -to {FB1.uB} -using TOP_IO_HT3_FB1_B6 -tdm DIRECT

net_attribute -tdm_qualified 0 AddrOut[20]
global_route AddrOut[20] -slack_pre_tdm 997 -slack_post_tdm 987 \
   -from FB1.uB -to {TOP_IO_HT3_FB1_B5} -using TOP_IO_HT3_FB1_B5 -tdm DIRECT

net_attribute -tdm_qualified 0 AddrOut[1]
global_route AddrOut[1] -slack_pre_tdm 998 -slack_post_tdm 988 \
   -from FB1.uB -to {TOP_IO_HT3_FB1_B5} -using TOP_IO_HT3_FB1_B5 -tdm DIRECT

net_attribute -tdm_qualified 0 AddrOut[29]
global_route AddrOut[29] -slack_pre_tdm 997 -slack_post_tdm 987 \
   -from FB1.uB -to {TOP_IO_HT3_FB1_B5} -using TOP_IO_HT3_FB1_B5 -tdm DIRECT

net_attribute -tdm_qualified 0 AddrIn[25]
global_route AddrIn[25] -slack_pre_tdm 997 -slack_post_tdm 987 \
   -from TOP_IO_HT3_FB1_B6 -to {FB1.uB} -using TOP_IO_HT3_FB1_B6 -tdm DIRECT

net_attribute -tdm_qualified 0 AddrOut[0]
global_route AddrOut[0] -slack_pre_tdm 998 -slack_post_tdm 988 \
   -from FB1.uB -to {TOP_IO_HT3_FB1_B5} -using TOP_IO_HT3_FB1_B5 -tdm DIRECT

net_attribute -tdm_qualified 0 AddrOut[9]
global_route AddrOut[9] -slack_pre_tdm 997 -slack_post_tdm 987 \
   -from FB1.uB -to {TOP_IO_HT3_FB1_B5} -using TOP_IO_HT3_FB1_B5 -tdm DIRECT

net_attribute -tdm_qualified 0 AddrOut[4]
global_route AddrOut[4] -slack_pre_tdm 997 -slack_post_tdm 987 \
   -from FB1.uB -to {TOP_IO_HT3_FB1_B5} -using TOP_IO_HT3_FB1_B5 -tdm DIRECT

net_attribute -tdm_qualified 0 AddrIn[7]
global_route AddrIn[7] -slack_pre_tdm 997 -slack_post_tdm 987 \
   -from TOP_IO_HT3_FB1_B6 -to {FB1.uB} -using TOP_IO_HT3_FB1_B6 -tdm DIRECT

net_attribute -tdm_qualified 0 AddrOut[28]
global_route AddrOut[28] -slack_pre_tdm 997 -slack_post_tdm 987 \
   -from FB1.uB -to {TOP_IO_HT3_FB1_B5} -using TOP_IO_HT3_FB1_B5 -tdm DIRECT

net_attribute -tdm_qualified 0 reset_n
global_route reset_n -slack_pre_tdm 100000 -slack_post_tdm 100000 \
   -from FB1.uA -to {FB1.uB} -using T_FB1.uA_FB1.uB_2 -tdm DIRECT

net_attribute -function GCLK -tdm_qualified 0 clk
global_route clk -slack_pre_tdm 100000 -slack_post_tdm 100000 \
   -from FB1.PLL1 -to {FB1.uA FB1.uB} -using T_FB1.PLL1_FB1.uA_FB1.uB_1 -tdm DIRECT

net_attribute -tdm_qualified 0 AddrOut[19]
global_route AddrOut[19] -slack_pre_tdm 997 -slack_post_tdm 987 \
   -from FB1.uB -to {TOP_IO_HT3_FB1_B5} -using TOP_IO_HT3_FB1_B5 -tdm DIRECT


@S4 AP306 |Detailed Routing Information
@N: AP306 |This section contains information only for nets which are assigned to board traces

@S4.1 AP348 |Trace Assignments

assign_trace reset_n FB1.AI2_N[9]
assign_trace AddrOut[0] FB1_B5_A[2]
assign_trace AddrOut[1] FB1_B5_A[3]
assign_trace AddrOut[2] FB1_B5_A[4]
assign_trace AddrOut[3] FB1_B5_A[5]
assign_trace AddrOut[4] FB1_B5_A[6]
assign_trace AddrOut[5] FB1_B5_A[7]
assign_trace AddrOut[6] FB1_B5_A[8]
assign_trace AddrOut[7] FB1_B5_A[9]
assign_trace AddrOut[8] FB1_B5_A[10]
assign_trace AddrOut[9] FB1_B5_A[11]
assign_trace AddrOut[10] FB1_B5_B[2]
assign_trace AddrOut[11] FB1_B5_B[3]
assign_trace AddrOut[12] FB1_B5_B[4]
assign_trace AddrOut[13] FB1_B5_B[5]
assign_trace AddrOut[14] FB1_B5_B[6]
assign_trace AddrOut[15] FB1_B5_B[7]
assign_trace AddrOut[16] FB1_B5_B[8]
assign_trace AddrOut[17] FB1_B5_B[9]
assign_trace AddrOut[18] FB1_B5_B[10]
assign_trace AddrOut[19] FB1_B5_B[11]
assign_trace AddrOut[20] FB1_B5_C[2]
assign_trace AddrOut[21] FB1_B5_C[3]
assign_trace AddrOut[22] FB1_B5_C[4]
assign_trace AddrOut[23] FB1_B5_C[5]
assign_trace AddrOut[24] FB1_B5_C[6]
assign_trace AddrOut[25] FB1_B5_C[7]
assign_trace AddrOut[26] FB1_B5_C[8]
assign_trace AddrOut[27] FB1_B5_C[9]
assign_trace AddrOut[28] FB1_B5_C[10]
assign_trace AddrOut[29] FB1_B5_C[11]
assign_trace AddrOut[30] FB1_B5_D[2]
assign_trace AddrOut[31] FB1_B5_D[3]
assign_trace AddrIn[0] FB1_B6_A[2]
assign_trace AddrIn[1] FB1_B6_A[3]
assign_trace AddrIn[2] FB1_B6_A[4]
assign_trace AddrIn[3] FB1_B6_A[5]
assign_trace AddrIn[4] FB1_B6_A[6]
assign_trace AddrIn[5] FB1_B6_A[7]
assign_trace AddrIn[6] FB1_B6_A[8]
assign_trace AddrIn[7] FB1_B6_A[9]
assign_trace AddrIn[8] FB1_B6_A[10]
assign_trace AddrIn[9] FB1_B6_A[11]
assign_trace AddrIn[10] FB1_B6_B[2]
assign_trace AddrIn[11] FB1_B6_B[3]
assign_trace AddrIn[12] FB1_B6_B[4]
assign_trace AddrIn[13] FB1_B6_B[5]
assign_trace AddrIn[14] FB1_B6_B[6]
assign_trace AddrIn[15] FB1_B6_B[7]
assign_trace AddrIn[16] FB1_B6_B[8]
assign_trace AddrIn[17] FB1_B6_B[9]
assign_trace AddrIn[18] FB1_B6_B[10]
assign_trace AddrIn[19] FB1_B6_B[11]
assign_trace AddrIn[20] FB1_B6_C[2]
assign_trace AddrIn[21] FB1_B6_C[3]
assign_trace AddrIn[22] FB1_B6_C[4]
assign_trace AddrIn[23] FB1_B6_C[5]
assign_trace AddrIn[24] FB1_B6_C[6]
assign_trace AddrIn[25] FB1_B6_C[7]
assign_trace AddrIn[26] FB1_B6_C[8]
assign_trace AddrIn[27] FB1_B6_C[9]
assign_trace AddrIn[28] FB1_B6_C[10]
assign_trace AddrIn[29] FB1_B6_C[11]
assign_trace AddrIn[31] FB1_B6_D[3]
assign_trace AddrIn[30] FB1_B6_D[4]
assign_trace clk GCLK1
